[2023-01-22 10:13:15] request.INFO: Matched route "admin_module_manage_action". {"route":"admin_module_manage_action","route_parameters":{"_controller":"PrestaShopBundle\\Controller\\Admin\\Improve\\ModuleController::moduleAction","action":"reset","module_name":"ets_geolocation","_route":"admin_module_manage_action"},"request_uri":"https://www.astromari.com/admin883qdzysjf/index.php/improve/modules/manage/action/reset/ets_geolocation?_token=eliOqQBZlly6b8MW3uvhYuc2US-2a9y12q4TDVXqEFU","method":"POST"} []
[2023-01-22 10:13:15] security.DEBUG: Read existing security token from the session. {"key":"_security_main","token_class":"Symfony\\Component\\Security\\Core\\Authentication\\Token\\UsernamePasswordToken"} []
[2023-01-22 10:13:15] security.DEBUG: User was reloaded from a user provider. {"provider":"PrestaShopBundle\\Security\\Admin\\EmployeeProvider","username":"sales@astromari.com"} []
[2023-01-22 10:13:15] app.ERROR: Exception thrown by module ets_geolocation on reset. You are not allowed to reset the module ets_geolocation. {"object_type":"Module","object_id":0} []
[2023-01-22 10:13:15] security.DEBUG: Stored the security token in the session. {"key":"_security_main"} []
[2023-01-22 10:13:28] request.INFO: Matched route "admin_module_manage_action". {"route":"admin_module_manage_action","route_parameters":{"_controller":"PrestaShopBundle\\Controller\\Admin\\Improve\\ModuleController::moduleAction","action":"reset","module_name":"ets_geolocation","_route":"admin_module_manage_action"},"request_uri":"https://www.astromari.com/admin883qdzysjf/index.php/improve/modules/manage/action/reset/ets_geolocation?_token=eliOqQBZlly6b8MW3uvhYuc2US-2a9y12q4TDVXqEFU","method":"POST"} []
[2023-01-22 10:13:28] security.DEBUG: Read existing security token from the session. {"key":"_security_main","token_class":"Symfony\\Component\\Security\\Core\\Authentication\\Token\\UsernamePasswordToken"} []
[2023-01-22 10:13:28] security.DEBUG: User was reloaded from a user provider. {"provider":"PrestaShopBundle\\Security\\Admin\\EmployeeProvider","username":"sales@astromari.com"} []
[2023-01-22 10:13:28] app.ERROR: Exception thrown by module ets_geolocation on reset. You are not allowed to reset the module ets_geolocation. {"object_type":"Module","object_id":0} []
[2023-01-22 10:13:28] security.DEBUG: Stored the security token in the session. {"key":"_security_main"} []
[2023-01-23 18:52:16] request.INFO: Matched route "admin_module_manage_action". {"route":"admin_module_manage_action","route_parameters":{"_controller":"PrestaShopBundle\\Controller\\Admin\\Improve\\ModuleController::moduleAction","action":"disable","module_name":"ets_geolocation","_route":"admin_module_manage_action"},"request_uri":"https://www.astromari.com/admin883qdzysjf/index.php/improve/modules/manage/action/disable/ets_geolocation?_token=lC1BzlczFvtvNZCkGhYXmThaa7QZqC86etLk5OekNQU","method":"POST"} []
[2023-01-23 18:52:16] security.DEBUG: Read existing security token from the session. {"key":"_security_main","token_class":"Symfony\\Component\\Security\\Core\\Authentication\\Token\\UsernamePasswordToken"} []
[2023-01-23 18:52:16] security.DEBUG: User was reloaded from a user provider. {"provider":"PrestaShopBundle\\Security\\Admin\\EmployeeProvider","username":"sales@astromari.com"} []
[2023-01-23 18:52:16] app.ERROR: Exception thrown by module ets_geolocation on disable. You are not allowed to disable the module ets_geolocation. {"object_type":"Module","object_id":0} []
[2023-01-23 18:52:16] security.DEBUG: Stored the security token in the session. {"key":"_security_main"} []
[2023-01-23 18:52:32] request.INFO: Matched route "admin_module_manage_action". {"route":"admin_module_manage_action","route_parameters":{"_controller":"PrestaShopBundle\\Controller\\Admin\\Improve\\ModuleController::moduleAction","action":"disable","module_name":"ets_geolocation","_route":"admin_module_manage_action"},"request_uri":"https://www.astromari.com/admin883qdzysjf/index.php/improve/modules/manage/action/disable/ets_geolocation?_token=lC1BzlczFvtvNZCkGhYXmThaa7QZqC86etLk5OekNQU","method":"POST"} []
[2023-01-23 18:52:32] security.DEBUG: Read existing security token from the session. {"key":"_security_main","token_class":"Symfony\\Component\\Security\\Core\\Authentication\\Token\\UsernamePasswordToken"} []
[2023-01-23 18:52:32] security.DEBUG: User was reloaded from a user provider. {"provider":"PrestaShopBundle\\Security\\Admin\\EmployeeProvider","username":"sales@astromari.com"} []
[2023-01-23 18:52:32] app.ERROR: Exception thrown by module ets_geolocation on disable. You are not allowed to disable the module ets_geolocation. {"object_type":"Module","object_id":0} []
[2023-01-23 18:52:32] security.DEBUG: Stored the security token in the session. {"key":"_security_main"} []
